[2025-02-23T20:41:20.394+0530] {processor.py:157} INFO - Started process (PID=16442) to work on /Users/nc25577_suryateja/Documents/air_pro/airflow/dags/onecode.py
[2025-02-23T20:41:20.395+0530] {processor.py:829} INFO - Processing file /Users/nc25577_suryateja/Documents/air_pro/airflow/dags/onecode.py for tasks to queue
[2025-02-23T20:41:20.395+0530] {logging_mixin.py:154} INFO - [2025-02-23T20:41:20.395+0530] {dagbag.py:536} INFO - Filling up the DagBag from /Users/nc25577_suryateja/Documents/air_pro/airflow/dags/onecode.py
[2025-02-23T20:41:21.137+0530] {processor.py:839} INFO - DAG(s) dict_keys(['fraud_detection_workflow']) retrieved from /Users/nc25577_suryateja/Documents/air_pro/airflow/dags/onecode.py
[2025-02-23T20:41:21.445+0530] {logging_mixin.py:154} INFO - [2025-02-23T20:41:21.445+0530] {manager.py:499} INFO - Created Permission View: %s
[2025-02-23T20:41:21.448+0530] {logging_mixin.py:154} INFO - [2025-02-23T20:41:21.448+0530] {manager.py:499} INFO - Created Permission View: %s
[2025-02-23T20:41:21.450+0530] {logging_mixin.py:154} INFO - [2025-02-23T20:41:21.450+0530] {manager.py:499} INFO - Created Permission View: %s
[2025-02-23T20:41:21.450+0530] {logging_mixin.py:154} INFO - [2025-02-23T20:41:21.450+0530] {dag.py:2941} INFO - Sync 1 DAGs
[2025-02-23T20:41:21.455+0530] {logging_mixin.py:154} INFO - [2025-02-23T20:41:21.455+0530] {dag.py:2963} INFO - Creating ORM DAG for fraud_detection_workflow
[2025-02-23T20:41:21.455+0530] {logging_mixin.py:154} INFO - [2025-02-23T20:41:21.455+0530] {dag.py:3722} INFO - Setting next_dagrun for fraud_detection_workflow to None, run_after=None
[2025-02-23T20:41:21.461+0530] {processor.py:179} INFO - Processing /Users/nc25577_suryateja/Documents/air_pro/airflow/dags/onecode.py took 1.067 seconds
[2025-02-23T20:42:25.196+0530] {processor.py:157} INFO - Started process (PID=16558) to work on /Users/nc25577_suryateja/Documents/air_pro/airflow/dags/onecode.py
[2025-02-23T20:42:25.197+0530] {processor.py:829} INFO - Processing file /Users/nc25577_suryateja/Documents/air_pro/airflow/dags/onecode.py for tasks to queue
[2025-02-23T20:42:25.198+0530] {logging_mixin.py:154} INFO - [2025-02-23T20:42:25.198+0530] {dagbag.py:536} INFO - Filling up the DagBag from /Users/nc25577_suryateja/Documents/air_pro/airflow/dags/onecode.py
[2025-02-23T20:42:25.987+0530] {processor.py:839} INFO - DAG(s) dict_keys(['fraud_detection_workflow']) retrieved from /Users/nc25577_suryateja/Documents/air_pro/airflow/dags/onecode.py
[2025-02-23T20:42:26.062+0530] {logging_mixin.py:154} INFO - [2025-02-23T20:42:26.062+0530] {dag.py:2941} INFO - Sync 1 DAGs
[2025-02-23T20:42:26.066+0530] {logging_mixin.py:154} INFO - [2025-02-23T20:42:26.066+0530] {dag.py:3722} INFO - Setting next_dagrun for fraud_detection_workflow to None, run_after=None
[2025-02-23T20:42:26.073+0530] {processor.py:179} INFO - Processing /Users/nc25577_suryateja/Documents/air_pro/airflow/dags/onecode.py took 0.877 seconds
[2025-02-23T20:43:19.840+0530] {processor.py:157} INFO - Started process (PID=16673) to work on /Users/nc25577_suryateja/Documents/air_pro/airflow/dags/onecode.py
[2025-02-23T20:43:19.840+0530] {processor.py:829} INFO - Processing file /Users/nc25577_suryateja/Documents/air_pro/airflow/dags/onecode.py for tasks to queue
[2025-02-23T20:43:19.841+0530] {logging_mixin.py:154} INFO - [2025-02-23T20:43:19.841+0530] {dagbag.py:536} INFO - Filling up the DagBag from /Users/nc25577_suryateja/Documents/air_pro/airflow/dags/onecode.py
[2025-02-23T20:43:20.445+0530] {processor.py:839} INFO - DAG(s) dict_keys(['fraud_detection_workflow']) retrieved from /Users/nc25577_suryateja/Documents/air_pro/airflow/dags/onecode.py
[2025-02-23T20:43:20.519+0530] {logging_mixin.py:154} INFO - [2025-02-23T20:43:20.519+0530] {dag.py:2941} INFO - Sync 1 DAGs
[2025-02-23T20:43:20.523+0530] {logging_mixin.py:154} INFO - [2025-02-23T20:43:20.523+0530] {dag.py:3722} INFO - Setting next_dagrun for fraud_detection_workflow to None, run_after=None
[2025-02-23T20:43:20.530+0530] {processor.py:179} INFO - Processing /Users/nc25577_suryateja/Documents/air_pro/airflow/dags/onecode.py took 0.690 seconds
[2025-02-23T20:44:06.147+0530] {processor.py:157} INFO - Started process (PID=16761) to work on /Users/nc25577_suryateja/Documents/air_pro/airflow/dags/onecode.py
[2025-02-23T20:44:06.148+0530] {processor.py:829} INFO - Processing file /Users/nc25577_suryateja/Documents/air_pro/airflow/dags/onecode.py for tasks to queue
[2025-02-23T20:44:06.148+0530] {logging_mixin.py:154} INFO - [2025-02-23T20:44:06.148+0530] {dagbag.py:536} INFO - Filling up the DagBag from /Users/nc25577_suryateja/Documents/air_pro/airflow/dags/onecode.py
[2025-02-23T20:44:06.926+0530] {processor.py:839} INFO - DAG(s) dict_keys(['fraud_detection_workflow']) retrieved from /Users/nc25577_suryateja/Documents/air_pro/airflow/dags/onecode.py
[2025-02-23T20:44:07.003+0530] {logging_mixin.py:154} INFO - [2025-02-23T20:44:07.003+0530] {dag.py:2941} INFO - Sync 1 DAGs
[2025-02-23T20:44:07.007+0530] {logging_mixin.py:154} INFO - [2025-02-23T20:44:07.007+0530] {dag.py:3722} INFO - Setting next_dagrun for fraud_detection_workflow to None, run_after=None
[2025-02-23T20:44:07.015+0530] {processor.py:179} INFO - Processing /Users/nc25577_suryateja/Documents/air_pro/airflow/dags/onecode.py took 0.869 seconds
[2025-02-23T20:44:52.707+0530] {processor.py:157} INFO - Started process (PID=16866) to work on /Users/nc25577_suryateja/Documents/air_pro/airflow/dags/onecode.py
[2025-02-23T20:44:52.708+0530] {processor.py:829} INFO - Processing file /Users/nc25577_suryateja/Documents/air_pro/airflow/dags/onecode.py for tasks to queue
[2025-02-23T20:44:52.708+0530] {logging_mixin.py:154} INFO - [2025-02-23T20:44:52.708+0530] {dagbag.py:536} INFO - Filling up the DagBag from /Users/nc25577_suryateja/Documents/air_pro/airflow/dags/onecode.py
[2025-02-23T20:44:53.464+0530] {processor.py:839} INFO - DAG(s) dict_keys(['fraud_detection_workflow']) retrieved from /Users/nc25577_suryateja/Documents/air_pro/airflow/dags/onecode.py
[2025-02-23T20:44:53.544+0530] {logging_mixin.py:154} INFO - [2025-02-23T20:44:53.544+0530] {dag.py:2941} INFO - Sync 1 DAGs
[2025-02-23T20:44:53.548+0530] {logging_mixin.py:154} INFO - [2025-02-23T20:44:53.548+0530] {dag.py:3722} INFO - Setting next_dagrun for fraud_detection_workflow to None, run_after=None
[2025-02-23T20:44:53.555+0530] {processor.py:179} INFO - Processing /Users/nc25577_suryateja/Documents/air_pro/airflow/dags/onecode.py took 0.848 seconds
[2025-02-23T20:45:50.232+0530] {processor.py:157} INFO - Started process (PID=16984) to work on /Users/nc25577_suryateja/Documents/air_pro/airflow/dags/onecode.py
[2025-02-23T20:45:50.233+0530] {processor.py:829} INFO - Processing file /Users/nc25577_suryateja/Documents/air_pro/airflow/dags/onecode.py for tasks to queue
[2025-02-23T20:45:50.233+0530] {logging_mixin.py:154} INFO - [2025-02-23T20:45:50.233+0530] {dagbag.py:536} INFO - Filling up the DagBag from /Users/nc25577_suryateja/Documents/air_pro/airflow/dags/onecode.py
[2025-02-23T20:45:50.981+0530] {processor.py:839} INFO - DAG(s) dict_keys(['fraud_detection_workflow']) retrieved from /Users/nc25577_suryateja/Documents/air_pro/airflow/dags/onecode.py
[2025-02-23T20:45:51.059+0530] {logging_mixin.py:154} INFO - [2025-02-23T20:45:51.059+0530] {dag.py:2941} INFO - Sync 1 DAGs
[2025-02-23T20:45:51.063+0530] {logging_mixin.py:154} INFO - [2025-02-23T20:45:51.063+0530] {dag.py:3722} INFO - Setting next_dagrun for fraud_detection_workflow to None, run_after=None
[2025-02-23T20:45:51.071+0530] {processor.py:179} INFO - Processing /Users/nc25577_suryateja/Documents/air_pro/airflow/dags/onecode.py took 0.840 seconds
[2025-02-23T20:46:47.525+0530] {processor.py:157} INFO - Started process (PID=17099) to work on /Users/nc25577_suryateja/Documents/air_pro/airflow/dags/onecode.py
[2025-02-23T20:46:47.526+0530] {processor.py:829} INFO - Processing file /Users/nc25577_suryateja/Documents/air_pro/airflow/dags/onecode.py for tasks to queue
[2025-02-23T20:46:47.526+0530] {logging_mixin.py:154} INFO - [2025-02-23T20:46:47.526+0530] {dagbag.py:536} INFO - Filling up the DagBag from /Users/nc25577_suryateja/Documents/air_pro/airflow/dags/onecode.py
[2025-02-23T20:46:48.125+0530] {processor.py:839} INFO - DAG(s) dict_keys(['fraud_detection_workflow']) retrieved from /Users/nc25577_suryateja/Documents/air_pro/airflow/dags/onecode.py
[2025-02-23T20:46:48.198+0530] {logging_mixin.py:154} INFO - [2025-02-23T20:46:48.198+0530] {dag.py:2941} INFO - Sync 1 DAGs
[2025-02-23T20:46:48.202+0530] {logging_mixin.py:154} INFO - [2025-02-23T20:46:48.202+0530] {dag.py:3722} INFO - Setting next_dagrun for fraud_detection_workflow to None, run_after=None
[2025-02-23T20:46:48.210+0530] {processor.py:179} INFO - Processing /Users/nc25577_suryateja/Documents/air_pro/airflow/dags/onecode.py took 0.686 seconds
[2025-02-23T20:47:42.929+0530] {processor.py:157} INFO - Started process (PID=17198) to work on /Users/nc25577_suryateja/Documents/air_pro/airflow/dags/onecode.py
[2025-02-23T20:47:42.930+0530] {processor.py:829} INFO - Processing file /Users/nc25577_suryateja/Documents/air_pro/airflow/dags/onecode.py for tasks to queue
[2025-02-23T20:47:42.930+0530] {logging_mixin.py:154} INFO - [2025-02-23T20:47:42.930+0530] {dagbag.py:536} INFO - Filling up the DagBag from /Users/nc25577_suryateja/Documents/air_pro/airflow/dags/onecode.py
[2025-02-23T20:47:43.740+0530] {processor.py:839} INFO - DAG(s) dict_keys(['fraud_detection_workflow']) retrieved from /Users/nc25577_suryateja/Documents/air_pro/airflow/dags/onecode.py
[2025-02-23T20:47:43.813+0530] {logging_mixin.py:154} INFO - [2025-02-23T20:47:43.813+0530] {dag.py:2941} INFO - Sync 1 DAGs
[2025-02-23T20:47:43.817+0530] {logging_mixin.py:154} INFO - [2025-02-23T20:47:43.817+0530] {dag.py:3722} INFO - Setting next_dagrun for fraud_detection_workflow to None, run_after=None
[2025-02-23T20:47:43.825+0530] {processor.py:179} INFO - Processing /Users/nc25577_suryateja/Documents/air_pro/airflow/dags/onecode.py took 0.897 seconds
[2025-02-23T20:48:33.966+0530] {processor.py:157} INFO - Started process (PID=17295) to work on /Users/nc25577_suryateja/Documents/air_pro/airflow/dags/onecode.py
[2025-02-23T20:48:33.967+0530] {processor.py:829} INFO - Processing file /Users/nc25577_suryateja/Documents/air_pro/airflow/dags/onecode.py for tasks to queue
[2025-02-23T20:48:33.967+0530] {logging_mixin.py:154} INFO - [2025-02-23T20:48:33.967+0530] {dagbag.py:536} INFO - Filling up the DagBag from /Users/nc25577_suryateja/Documents/air_pro/airflow/dags/onecode.py
[2025-02-23T20:48:34.712+0530] {processor.py:839} INFO - DAG(s) dict_keys(['fraud_detection_workflow']) retrieved from /Users/nc25577_suryateja/Documents/air_pro/airflow/dags/onecode.py
[2025-02-23T20:48:34.786+0530] {logging_mixin.py:154} INFO - [2025-02-23T20:48:34.786+0530] {dag.py:2941} INFO - Sync 1 DAGs
[2025-02-23T20:48:34.789+0530] {logging_mixin.py:154} INFO - [2025-02-23T20:48:34.789+0530] {dag.py:3722} INFO - Setting next_dagrun for fraud_detection_workflow to None, run_after=None
[2025-02-23T20:48:34.797+0530] {processor.py:179} INFO - Processing /Users/nc25577_suryateja/Documents/air_pro/airflow/dags/onecode.py took 0.831 seconds
[2025-02-23T21:07:11.519+0530] {processor.py:157} INFO - Started process (PID=17417) to work on /Users/nc25577_suryateja/Documents/air_pro/airflow/dags/onecode.py
[2025-02-23T21:07:11.520+0530] {processor.py:829} INFO - Processing file /Users/nc25577_suryateja/Documents/air_pro/airflow/dags/onecode.py for tasks to queue
[2025-02-23T21:07:11.520+0530] {logging_mixin.py:154} INFO - [2025-02-23T21:07:11.520+0530] {dagbag.py:536} INFO - Filling up the DagBag from /Users/nc25577_suryateja/Documents/air_pro/airflow/dags/onecode.py
[2025-02-23T21:07:12.288+0530] {processor.py:839} INFO - DAG(s) dict_keys(['fraud_detection_workflow']) retrieved from /Users/nc25577_suryateja/Documents/air_pro/airflow/dags/onecode.py
[2025-02-23T21:07:12.362+0530] {logging_mixin.py:154} INFO - [2025-02-23T21:07:12.362+0530] {dag.py:2941} INFO - Sync 1 DAGs
[2025-02-23T21:07:12.366+0530] {logging_mixin.py:154} INFO - [2025-02-23T21:07:12.366+0530] {dag.py:3722} INFO - Setting next_dagrun for fraud_detection_workflow to None, run_after=None
[2025-02-23T21:07:12.373+0530] {processor.py:179} INFO - Processing /Users/nc25577_suryateja/Documents/air_pro/airflow/dags/onecode.py took 0.855 seconds
[2025-02-23T21:12:49.463+0530] {processor.py:157} INFO - Started process (PID=17528) to work on /Users/nc25577_suryateja/Documents/air_pro/airflow/dags/onecode.py
[2025-02-23T21:12:49.464+0530] {processor.py:829} INFO - Processing file /Users/nc25577_suryateja/Documents/air_pro/airflow/dags/onecode.py for tasks to queue
[2025-02-23T21:12:49.464+0530] {logging_mixin.py:154} INFO - [2025-02-23T21:12:49.464+0530] {dagbag.py:536} INFO - Filling up the DagBag from /Users/nc25577_suryateja/Documents/air_pro/airflow/dags/onecode.py
[2025-02-23T21:12:50.162+0530] {processor.py:839} INFO - DAG(s) dict_keys(['fraud_detection_workflow']) retrieved from /Users/nc25577_suryateja/Documents/air_pro/airflow/dags/onecode.py
[2025-02-23T21:12:50.234+0530] {logging_mixin.py:154} INFO - [2025-02-23T21:12:50.234+0530] {dag.py:2941} INFO - Sync 1 DAGs
[2025-02-23T21:12:50.238+0530] {logging_mixin.py:154} INFO - [2025-02-23T21:12:50.238+0530] {dag.py:3722} INFO - Setting next_dagrun for fraud_detection_workflow to None, run_after=None
[2025-02-23T21:12:50.245+0530] {processor.py:179} INFO - Processing /Users/nc25577_suryateja/Documents/air_pro/airflow/dags/onecode.py took 0.783 seconds
[2025-02-23T21:13:35.783+0530] {processor.py:157} INFO - Started process (PID=17609) to work on /Users/nc25577_suryateja/Documents/air_pro/airflow/dags/onecode.py
[2025-02-23T21:13:35.784+0530] {processor.py:829} INFO - Processing file /Users/nc25577_suryateja/Documents/air_pro/airflow/dags/onecode.py for tasks to queue
[2025-02-23T21:13:35.784+0530] {logging_mixin.py:154} INFO - [2025-02-23T21:13:35.784+0530] {dagbag.py:536} INFO - Filling up the DagBag from /Users/nc25577_suryateja/Documents/air_pro/airflow/dags/onecode.py
[2025-02-23T21:13:36.398+0530] {processor.py:839} INFO - DAG(s) dict_keys(['fraud_detection_workflow']) retrieved from /Users/nc25577_suryateja/Documents/air_pro/airflow/dags/onecode.py
[2025-02-23T21:13:36.471+0530] {logging_mixin.py:154} INFO - [2025-02-23T21:13:36.471+0530] {dag.py:2941} INFO - Sync 1 DAGs
[2025-02-23T21:13:36.475+0530] {logging_mixin.py:154} INFO - [2025-02-23T21:13:36.474+0530] {dag.py:3722} INFO - Setting next_dagrun for fraud_detection_workflow to None, run_after=None
[2025-02-23T21:13:36.481+0530] {processor.py:179} INFO - Processing /Users/nc25577_suryateja/Documents/air_pro/airflow/dags/onecode.py took 0.699 seconds
[2025-02-23T21:14:22.976+0530] {processor.py:157} INFO - Started process (PID=17689) to work on /Users/nc25577_suryateja/Documents/air_pro/airflow/dags/onecode.py
[2025-02-23T21:14:22.976+0530] {processor.py:829} INFO - Processing file /Users/nc25577_suryateja/Documents/air_pro/airflow/dags/onecode.py for tasks to queue
[2025-02-23T21:14:22.976+0530] {logging_mixin.py:154} INFO - [2025-02-23T21:14:22.976+0530] {dagbag.py:536} INFO - Filling up the DagBag from /Users/nc25577_suryateja/Documents/air_pro/airflow/dags/onecode.py
[2025-02-23T21:14:23.576+0530] {processor.py:839} INFO - DAG(s) dict_keys(['fraud_detection_workflow']) retrieved from /Users/nc25577_suryateja/Documents/air_pro/airflow/dags/onecode.py
[2025-02-23T21:14:23.648+0530] {logging_mixin.py:154} INFO - [2025-02-23T21:14:23.647+0530] {dag.py:2941} INFO - Sync 1 DAGs
[2025-02-23T21:14:23.651+0530] {logging_mixin.py:154} INFO - [2025-02-23T21:14:23.651+0530] {dag.py:3722} INFO - Setting next_dagrun for fraud_detection_workflow to None, run_after=None
[2025-02-23T21:14:23.658+0530] {processor.py:179} INFO - Processing /Users/nc25577_suryateja/Documents/air_pro/airflow/dags/onecode.py took 0.683 seconds
[2025-02-23T21:15:12.578+0530] {processor.py:157} INFO - Started process (PID=17787) to work on /Users/nc25577_suryateja/Documents/air_pro/airflow/dags/onecode.py
[2025-02-23T21:15:12.579+0530] {processor.py:829} INFO - Processing file /Users/nc25577_suryateja/Documents/air_pro/airflow/dags/onecode.py for tasks to queue
[2025-02-23T21:15:12.579+0530] {logging_mixin.py:154} INFO - [2025-02-23T21:15:12.579+0530] {dagbag.py:536} INFO - Filling up the DagBag from /Users/nc25577_suryateja/Documents/air_pro/airflow/dags/onecode.py
[2025-02-23T21:15:13.353+0530] {processor.py:839} INFO - DAG(s) dict_keys(['fraud_detection_workflow']) retrieved from /Users/nc25577_suryateja/Documents/air_pro/airflow/dags/onecode.py
[2025-02-23T21:15:13.428+0530] {logging_mixin.py:154} INFO - [2025-02-23T21:15:13.428+0530] {dag.py:2941} INFO - Sync 1 DAGs
[2025-02-23T21:15:13.432+0530] {logging_mixin.py:154} INFO - [2025-02-23T21:15:13.432+0530] {dag.py:3722} INFO - Setting next_dagrun for fraud_detection_workflow to None, run_after=None
[2025-02-23T21:15:13.440+0530] {processor.py:179} INFO - Processing /Users/nc25577_suryateja/Documents/air_pro/airflow/dags/onecode.py took 0.862 seconds
[2025-02-23T21:16:00.513+0530] {processor.py:157} INFO - Started process (PID=17867) to work on /Users/nc25577_suryateja/Documents/air_pro/airflow/dags/onecode.py
[2025-02-23T21:16:00.513+0530] {processor.py:829} INFO - Processing file /Users/nc25577_suryateja/Documents/air_pro/airflow/dags/onecode.py for tasks to queue
[2025-02-23T21:16:00.513+0530] {logging_mixin.py:154} INFO - [2025-02-23T21:16:00.513+0530] {dagbag.py:536} INFO - Filling up the DagBag from /Users/nc25577_suryateja/Documents/air_pro/airflow/dags/onecode.py
[2025-02-23T21:16:01.251+0530] {processor.py:839} INFO - DAG(s) dict_keys(['fraud_detection_workflow']) retrieved from /Users/nc25577_suryateja/Documents/air_pro/airflow/dags/onecode.py
[2025-02-23T21:16:01.328+0530] {logging_mixin.py:154} INFO - [2025-02-23T21:16:01.327+0530] {dag.py:2941} INFO - Sync 1 DAGs
[2025-02-23T21:16:01.331+0530] {logging_mixin.py:154} INFO - [2025-02-23T21:16:01.331+0530] {dag.py:3722} INFO - Setting next_dagrun for fraud_detection_workflow to None, run_after=None
[2025-02-23T21:16:01.338+0530] {processor.py:179} INFO - Processing /Users/nc25577_suryateja/Documents/air_pro/airflow/dags/onecode.py took 0.826 seconds
